{"message":"Route found for /_default/ : controllers\\IndexController/index","context":{"context":"Router","part":"getRouteUrlParts","extra":null},"level":200,"level_name":"INFO","channel":"s60210af45c4f1","datetime":"2021-03-08T14:17:19.505472+01:00","extra":{}}
{"message":"SQLSTATE[HY000] [1049] Unknown database 'newbase'","context":{"context":"DAO","part":null,"extra":null},"level":400,"level_name":"ERROR","channel":"s60210af45c4f1","datetime":"2021-03-08T15:21:38.368590+01:00","extra":{}}
{"message":"SQLSTATE[HY000] [1049] Unknown database 'newbase'","context":{"context":"DAO","part":null,"extra":null},"level":400,"level_name":"ERROR","channel":"s60210af45c4f1","datetime":"2021-03-08T15:21:54.860703+01:00","extra":{}}
{"message":"Start transaction","context":{"context":"Transactions","part":"beginTransaction","extra":null},"level":200,"level_name":"INFO","channel":"s60210af45c4f1","datetime":"2021-03-08T15:21:54.997797+01:00","extra":{}}
{"message":"SELECT COUNT(*) FROM `basket`","context":{"context":"Database","part":"prepareAndFetchColumn","extra":null},"level":200,"level_name":"INFO","channel":"s60210af45c4f1","datetime":"2021-03-08T15:24:25.976961+01:00","extra":{}}
{"message":"SELECT COUNT(*) FROM `basketdetail`","context":{"context":"Database","part":"prepareAndFetchColumn","extra":null},"level":200,"level_name":"INFO","channel":"s60210af45c4f1","datetime":"2021-03-08T15:24:26.001481+01:00","extra":{}}
{"message":"SELECT COUNT(*) FROM `employee`","context":{"context":"Database","part":"prepareAndFetchColumn","extra":null},"level":200,"level_name":"INFO","channel":"s60210af45c4f1","datetime":"2021-03-08T15:24:26.016994+01:00","extra":{}}
{"message":"SELECT COUNT(*) FROM `order`","context":{"context":"Database","part":"prepareAndFetchColumn","extra":null},"level":200,"level_name":"INFO","channel":"s60210af45c4f1","datetime":"2021-03-08T15:24:26.041563+01:00","extra":{}}
{"message":"SELECT COUNT(*) FROM `orderdetail`","context":{"context":"Database","part":"prepareAndFetchColumn","extra":null},"level":200,"level_name":"INFO","channel":"s60210af45c4f1","datetime":"2021-03-08T15:24:26.042044+01:00","extra":{}}
{"message":"SELECT COUNT(*) FROM `product`","context":{"context":"Database","part":"prepareAndFetchColumn","extra":null},"level":200,"level_name":"INFO","channel":"s60210af45c4f1","datetime":"2021-03-08T15:24:26.042410+01:00","extra":{}}
{"message":"SELECT COUNT(*) FROM `section`","context":{"context":"Database","part":"prepareAndFetchColumn","extra":null},"level":200,"level_name":"INFO","channel":"s60210af45c4f1","datetime":"2021-03-08T15:24:26.042756+01:00","extra":{}}
{"message":"SELECT COUNT(*) FROM `timeslot`","context":{"context":"Database","part":"prepareAndFetchColumn","extra":null},"level":200,"level_name":"INFO","channel":"s60210af45c4f1","datetime":"2021-03-08T15:24:26.065935+01:00","extra":{}}
{"message":"SELECT COUNT(*) FROM `user`","context":{"context":"Database","part":"prepareAndFetchColumn","extra":null},"level":200,"level_name":"INFO","channel":"s60210af45c4f1","datetime":"2021-03-08T15:24:26.079944+01:00","extra":{}}
{"message":"Route found for /_default/ : controllers\\IndexController/index","context":{"context":"Router","part":"getRouteUrlParts","extra":null},"level":200,"level_name":"INFO","channel":"s60210af45c4f1","datetime":"2021-03-19T13:25:31.301150+01:00","extra":{}}
{"message":"SELECT COUNT(*) FROM `basket`","context":{"context":"Database","part":"prepareAndFetchColumn","extra":null},"level":200,"level_name":"INFO","channel":"s60210af45c4f1","datetime":"2021-03-19T13:28:31.729015+01:00","extra":{}}
{"message":"SELECT COUNT(*) FROM `basketdetail`","context":{"context":"Database","part":"prepareAndFetchColumn","extra":null},"level":200,"level_name":"INFO","channel":"s60210af45c4f1","datetime":"2021-03-19T13:28:31.777878+01:00","extra":{}}
{"message":"SELECT COUNT(*) FROM `employee`","context":{"context":"Database","part":"prepareAndFetchColumn","extra":null},"level":200,"level_name":"INFO","channel":"s60210af45c4f1","datetime":"2021-03-19T13:28:31.778410+01:00","extra":{}}
{"message":"SELECT COUNT(*) FROM `order`","context":{"context":"Database","part":"prepareAndFetchColumn","extra":null},"level":200,"level_name":"INFO","channel":"s60210af45c4f1","datetime":"2021-03-19T13:28:31.788885+01:00","extra":{}}
{"message":"SELECT COUNT(*) FROM `orderdetail`","context":{"context":"Database","part":"prepareAndFetchColumn","extra":null},"level":200,"level_name":"INFO","channel":"s60210af45c4f1","datetime":"2021-03-19T13:28:31.797471+01:00","extra":{}}
{"message":"SELECT COUNT(*) FROM `product`","context":{"context":"Database","part":"prepareAndFetchColumn","extra":null},"level":200,"level_name":"INFO","channel":"s60210af45c4f1","datetime":"2021-03-19T13:28:31.870988+01:00","extra":{}}
{"message":"SELECT COUNT(*) FROM `section`","context":{"context":"Database","part":"prepareAndFetchColumn","extra":null},"level":200,"level_name":"INFO","channel":"s60210af45c4f1","datetime":"2021-03-19T13:28:31.902262+01:00","extra":{}}
{"message":"SELECT COUNT(*) FROM `timeslot`","context":{"context":"Database","part":"prepareAndFetchColumn","extra":null},"level":200,"level_name":"INFO","channel":"s60210af45c4f1","datetime":"2021-03-19T13:28:31.937048+01:00","extra":{}}
{"message":"SELECT COUNT(*) FROM `user`","context":{"context":"Database","part":"prepareAndFetchColumn","extra":null},"level":200,"level_name":"INFO","channel":"s60210af45c4f1","datetime":"2021-03-19T13:28:31.937618+01:00","extra":{}}
{"message":"SELECT COUNT(*) FROM `basketdetail` WHERE 1=1","context":{"context":"Database","part":"prepareAndFetchColumn","extra":null},"level":200,"level_name":"INFO","channel":"s60210af45c4f1","datetime":"2021-03-19T13:28:35.143316+01:00","extra":{}}
{"message":"SELECT `basketdetail`.`idBasket`,`basketdetail`.`idProduct`,`basketdetail`.`quantity`,`basketdetail`.`idBasket`,`basketdetail`.`idProduct` FROM `basketdetail` ","context":{"context":"Database","part":"prepareAndExecute","extra":null},"level":200,"level_name":"INFO","channel":"s60210af45c4f1","datetime":"2021-03-19T13:28:35.234110+01:00","extra":{}}
{"message":"SELECT COUNT(*) FROM `employee` WHERE 1=1","context":{"context":"Database","part":"prepareAndFetchColumn","extra":null},"level":200,"level_name":"INFO","channel":"s60210af45c4f1","datetime":"2021-03-19T13:28:35.965631+01:00","extra":{}}
{"message":"SELECT `employee`.`id`,`employee`.`name`,`employee`.`email`,`employee`.`password` FROM `employee` ","context":{"context":"Database","part":"prepareAndExecute","extra":null},"level":200,"level_name":"INFO","channel":"s60210af45c4f1","datetime":"2021-03-19T13:28:35.967738+01:00","extra":{}}
{"message":"SELECT COUNT(*) FROM `order` WHERE 1=1","context":{"context":"Database","part":"prepareAndFetchColumn","extra":null},"level":200,"level_name":"INFO","channel":"s60210af45c4f1","datetime":"2021-03-19T13:28:38.556001+01:00","extra":{}}
{"message":"SELECT `order`.`id`,`order`.`dateCreation`,`order`.`status`,`order`.`amount`,`order`.`toPay`,`order`.`itemsNumber`,`order`.`missingNumber`,`order`.`idEmployee`,`order`.`idTimeslot`,`order`.`idUser` FROM `order`  WHERE 1=1 LIMIT 6 OFFSET 0","context":{"context":"Database","part":"prepareAndExecute","extra":null},"level":200,"level_name":"INFO","channel":"s60210af45c4f1","datetime":"2021-03-19T13:28:38.558230+01:00","extra":{}}
{"message":"SELECT COUNT(*) FROM `product` WHERE 1=1","context":{"context":"Database","part":"prepareAndFetchColumn","extra":null},"level":200,"level_name":"INFO","channel":"s60210af45c4f1","datetime":"2021-03-19T13:28:40.566951+01:00","extra":{}}
{"message":"SELECT `product`.`id`,`product`.`name`,`product`.`comments`,`product`.`image`,`product`.`price`,`product`.`promotion`,`product`.`idSection` FROM `product` ","context":{"context":"Database","part":"prepareAndExecute","extra":null},"level":200,"level_name":"INFO","channel":"s60210af45c4f1","datetime":"2021-03-19T13:28:40.568966+01:00","extra":{}}
{"message":"SELECT COUNT(*) FROM `orderdetail` WHERE 1=1","context":{"context":"Database","part":"prepareAndFetchColumn","extra":null},"level":200,"level_name":"INFO","channel":"s60210af45c4f1","datetime":"2021-03-19T13:28:41.900684+01:00","extra":{}}
{"message":"SELECT `orderdetail`.`idOrder`,`orderdetail`.`idProduct`,`orderdetail`.`quantity`,`orderdetail`.`prepared`,`orderdetail`.`idOrder`,`orderdetail`.`idProduct` FROM `orderdetail` ","context":{"context":"Database","part":"prepareAndExecute","extra":null},"level":200,"level_name":"INFO","channel":"s60210af45c4f1","datetime":"2021-03-19T13:28:41.902889+01:00","extra":{}}
{"message":"SELECT COUNT(*) FROM `section` WHERE 1=1","context":{"context":"Database","part":"prepareAndFetchColumn","extra":null},"level":200,"level_name":"INFO","channel":"s60210af45c4f1","datetime":"2021-03-19T13:28:43.163982+01:00","extra":{}}
{"message":"SELECT `section`.`id`,`section`.`name`,`section`.`description` FROM `section` ","context":{"context":"Database","part":"prepareAndExecute","extra":null},"level":200,"level_name":"INFO","channel":"s60210af45c4f1","datetime":"2021-03-19T13:28:43.166196+01:00","extra":{}}
{"message":"SELECT COUNT(*) FROM `basket` WHERE 1=1","context":{"context":"Database","part":"prepareAndFetchColumn","extra":null},"level":200,"level_name":"INFO","channel":"s60210af45c4f1","datetime":"2021-03-19T13:28:45.373962+01:00","extra":{}}
{"message":"SELECT `basket`.`id`,`basket`.`name`,`basket`.`dateCreation`,`basket`.`idUser` FROM `basket` ","context":{"context":"Database","part":"prepareAndExecute","extra":null},"level":200,"level_name":"INFO","channel":"s60210af45c4f1","datetime":"2021-03-19T13:28:45.376040+01:00","extra":{}}
{"message":"SELECT COUNT(*) FROM `employee` WHERE 1=1","context":{"context":"Database","part":"prepareAndFetchColumn","extra":null},"level":200,"level_name":"INFO","channel":"s60210af45c4f1","datetime":"2021-03-19T13:28:45.729698+01:00","extra":{}}
{"message":"SELECT `employee`.`id`,`employee`.`name`,`employee`.`email`,`employee`.`password` FROM `employee` ","context":{"context":"Database","part":"prepareAndExecute","extra":null},"level":200,"level_name":"INFO","channel":"s60210af45c4f1","datetime":"2021-03-19T13:28:45.731933+01:00","extra":{}}
{"message":"SELECT COUNT(*) FROM `order` WHERE 1=1","context":{"context":"Database","part":"prepareAndFetchColumn","extra":null},"level":200,"level_name":"INFO","channel":"s60210af45c4f1","datetime":"2021-03-19T13:28:49.044620+01:00","extra":{}}
{"message":"SELECT `order`.`id`,`order`.`dateCreation`,`order`.`status`,`order`.`amount`,`order`.`toPay`,`order`.`itemsNumber`,`order`.`missingNumber`,`order`.`idEmployee`,`order`.`idTimeslot`,`order`.`idUser` FROM `order`  WHERE 1=1 LIMIT 6 OFFSET 0","context":{"context":"Database","part":"prepareAndExecute","extra":null},"level":200,"level_name":"INFO","channel":"s60210af45c4f1","datetime":"2021-03-19T13:28:49.047840+01:00","extra":{}}
{"message":"SELECT COUNT(*) FROM `employee` WHERE 1=1","context":{"context":"Database","part":"prepareAndFetchColumn","extra":null},"level":200,"level_name":"INFO","channel":"s60210af45c4f1","datetime":"2021-03-19T13:28:50.485923+01:00","extra":{}}
{"message":"SELECT `employee`.`id`,`employee`.`name`,`employee`.`email`,`employee`.`password` FROM `employee` ","context":{"context":"Database","part":"prepareAndExecute","extra":null},"level":200,"level_name":"INFO","channel":"s60210af45c4f1","datetime":"2021-03-19T13:28:50.488159+01:00","extra":{}}
{"message":"Route found for /_default/ : controllers\\IndexController/index","context":{"context":"Router","part":"getRouteUrlParts","extra":null},"level":200,"level_name":"INFO","channel":"s60210af45c4f1","datetime":"2021-03-19T13:39:47.216300+01:00","extra":{}}
{"message":"The controller `controllers\\serve` doesn't exist! <br/>","context":{"context":"Startup","part":"runAction","extra":null},"level":300,"level_name":"WARNING","channel":"s60210af45c4f1","datetime":"2021-03-19T13:39:55.536947+01:00","extra":{}}
{"message":"SELECT COUNT(*) FROM `basket`","context":{"context":"Database","part":"prepareAndFetchColumn","extra":null},"level":200,"level_name":"INFO","channel":"s60210af45c4f1","datetime":"2021-03-19T14:51:36.632360+01:00","extra":{}}
{"message":"SELECT COUNT(*) FROM `basketdetail`","context":{"context":"Database","part":"prepareAndFetchColumn","extra":null},"level":200,"level_name":"INFO","channel":"s60210af45c4f1","datetime":"2021-03-19T14:51:36.633717+01:00","extra":{}}
{"message":"SELECT COUNT(*) FROM `employee`","context":{"context":"Database","part":"prepareAndFetchColumn","extra":null},"level":200,"level_name":"INFO","channel":"s60210af45c4f1","datetime":"2021-03-19T14:51:36.634169+01:00","extra":{}}
{"message":"SELECT COUNT(*) FROM `order`","context":{"context":"Database","part":"prepareAndFetchColumn","extra":null},"level":200,"level_name":"INFO","channel":"s60210af45c4f1","datetime":"2021-03-19T14:51:36.634601+01:00","extra":{}}
{"message":"SELECT COUNT(*) FROM `orderdetail`","context":{"context":"Database","part":"prepareAndFetchColumn","extra":null},"level":200,"level_name":"INFO","channel":"s60210af45c4f1","datetime":"2021-03-19T14:51:36.635005+01:00","extra":{}}
{"message":"SELECT COUNT(*) FROM `product`","context":{"context":"Database","part":"prepareAndFetchColumn","extra":null},"level":200,"level_name":"INFO","channel":"s60210af45c4f1","datetime":"2021-03-19T14:51:36.635516+01:00","extra":{}}
{"message":"SELECT COUNT(*) FROM `section`","context":{"context":"Database","part":"prepareAndFetchColumn","extra":null},"level":200,"level_name":"INFO","channel":"s60210af45c4f1","datetime":"2021-03-19T14:51:36.635857+01:00","extra":{}}
{"message":"SELECT COUNT(*) FROM `timeslot`","context":{"context":"Database","part":"prepareAndFetchColumn","extra":null},"level":200,"level_name":"INFO","channel":"s60210af45c4f1","datetime":"2021-03-19T14:51:36.636258+01:00","extra":{}}
{"message":"SELECT COUNT(*) FROM `user`","context":{"context":"Database","part":"prepareAndFetchColumn","extra":null},"level":200,"level_name":"INFO","channel":"s60210af45c4f1","datetime":"2021-03-19T14:51:36.636685+01:00","extra":{}}
{"message":"SELECT COUNT(*) FROM `basket` WHERE 1=1","context":{"context":"Database","part":"prepareAndFetchColumn","extra":null},"level":200,"level_name":"INFO","channel":"s60210af45c4f1","datetime":"2021-03-19T14:51:38.305247+01:00","extra":{}}
{"message":"SELECT `basket`.`id`,`basket`.`name`,`basket`.`dateCreation`,`basket`.`idUser` FROM `basket` ","context":{"context":"Database","part":"prepareAndExecute","extra":null},"level":200,"level_name":"INFO","channel":"s60210af45c4f1","datetime":"2021-03-19T14:51:38.308549+01:00","extra":{}}
{"message":"SELECT COUNT(*) FROM `employee` WHERE 1=1","context":{"context":"Database","part":"prepareAndFetchColumn","extra":null},"level":200,"level_name":"INFO","channel":"s60210af45c4f1","datetime":"2021-03-19T14:51:39.149602+01:00","extra":{}}
{"message":"SELECT `employee`.`id`,`employee`.`name`,`employee`.`email`,`employee`.`password` FROM `employee` ","context":{"context":"Database","part":"prepareAndExecute","extra":null},"level":200,"level_name":"INFO","channel":"s60210af45c4f1","datetime":"2021-03-19T14:51:39.151869+01:00","extra":{}}
{"message":"SELECT `employee`.`id`,`employee`.`name`,`employee`.`email`,`employee`.`password` FROM `employee`  WHERE `id` = ? limit 1","context":{"context":"Database","part":"prepareAndExecute","extra":[1]},"level":200,"level_name":"INFO","channel":"s60210af45c4f1","datetime":"2021-03-19T14:51:42.222549+01:00","extra":{}}
{"message":"SELECT `order`.`id`,`order`.`dateCreation`,`order`.`status`,`order`.`amount`,`order`.`toPay`,`order`.`itemsNumber`,`order`.`missingNumber`,`order`.`idEmployee`,`order`.`idTimeslot`,`order`.`idUser` FROM `order`  WHERE `idEmployee`= ?","context":{"context":"Database","part":"prepareAndExecute","extra":[1]},"level":200,"level_name":"INFO","channel":"s60210af45c4f1","datetime":"2021-03-19T14:51:42.276374+01:00","extra":{}}
{"message":"SELECT `order`.`id`,`order`.`dateCreation`,`order`.`status`,`order`.`amount`,`order`.`toPay`,`order`.`itemsNumber`,`order`.`missingNumber`,`order`.`idEmployee`,`order`.`idTimeslot`,`order`.`idUser` FROM `order`  WHERE `idEmployee`= ?","context":{"context":"Database","part":"prepareAndExecute","extra":[1]},"level":200,"level_name":"INFO","channel":"s60210af45c4f1","datetime":"2021-03-19T14:51:42.285640+01:00","extra":{}}
{"message":"The controller `controllers\\login` doesn't exist! <br/>","context":{"context":"Startup","part":"runAction","extra":null},"level":300,"level_name":"WARNING","channel":"s60210af45c4f1","datetime":"2021-03-19T14:51:58.839711+01:00","extra":{}}
{"message":"The controller `controllers\\login` doesn't exist! <br/>","context":{"context":"Startup","part":"runAction","extra":null},"level":300,"level_name":"WARNING","channel":"s60210af45c4f1","datetime":"2021-03-19T14:52:40.199493+01:00","extra":{}}
{"message":"The controller `controllers\\login` doesn't exist! <br/>","context":{"context":"Startup","part":"runAction","extra":null},"level":300,"level_name":"WARNING","channel":"s60210af45c4f1","datetime":"2021-03-19T14:55:05.225680+01:00","extra":{}}
{"message":"SELECT COUNT(*) FROM `basket`","context":{"context":"Database","part":"prepareAndFetchColumn","extra":null},"level":200,"level_name":"INFO","channel":"s60210af45c4f1","datetime":"2021-03-19T15:09:03.418696+01:00","extra":{}}
{"message":"SELECT COUNT(*) FROM `basketdetail`","context":{"context":"Database","part":"prepareAndFetchColumn","extra":null},"level":200,"level_name":"INFO","channel":"s60210af45c4f1","datetime":"2021-03-19T15:09:03.419948+01:00","extra":{}}
{"message":"SELECT COUNT(*) FROM `employee`","context":{"context":"Database","part":"prepareAndFetchColumn","extra":null},"level":200,"level_name":"INFO","channel":"s60210af45c4f1","datetime":"2021-03-19T15:09:03.420280+01:00","extra":{}}
{"message":"SELECT COUNT(*) FROM `order`","context":{"context":"Database","part":"prepareAndFetchColumn","extra":null},"level":200,"level_name":"INFO","channel":"s60210af45c4f1","datetime":"2021-03-19T15:09:03.420583+01:00","extra":{}}
{"message":"SELECT COUNT(*) FROM `orderdetail`","context":{"context":"Database","part":"prepareAndFetchColumn","extra":null},"level":200,"level_name":"INFO","channel":"s60210af45c4f1","datetime":"2021-03-19T15:09:03.420914+01:00","extra":{}}
{"message":"SELECT COUNT(*) FROM `product`","context":{"context":"Database","part":"prepareAndFetchColumn","extra":null},"level":200,"level_name":"INFO","channel":"s60210af45c4f1","datetime":"2021-03-19T15:09:03.421261+01:00","extra":{}}
{"message":"SELECT COUNT(*) FROM `section`","context":{"context":"Database","part":"prepareAndFetchColumn","extra":null},"level":200,"level_name":"INFO","channel":"s60210af45c4f1","datetime":"2021-03-19T15:09:03.421558+01:00","extra":{}}
{"message":"SELECT COUNT(*) FROM `timeslot`","context":{"context":"Database","part":"prepareAndFetchColumn","extra":null},"level":200,"level_name":"INFO","channel":"s60210af45c4f1","datetime":"2021-03-19T15:09:03.421876+01:00","extra":{}}
{"message":"SELECT COUNT(*) FROM `user`","context":{"context":"Database","part":"prepareAndFetchColumn","extra":null},"level":200,"level_name":"INFO","channel":"s60210af45c4f1","datetime":"2021-03-19T15:09:03.422262+01:00","extra":{}}
{"message":"SELECT COUNT(*) FROM `basket`","context":{"context":"Database","part":"prepareAndFetchColumn","extra":null},"level":200,"level_name":"INFO","channel":"s60210af45c4f1","datetime":"2021-03-19T15:09:08.761728+01:00","extra":{}}
{"message":"SELECT COUNT(*) FROM `basketdetail`","context":{"context":"Database","part":"prepareAndFetchColumn","extra":null},"level":200,"level_name":"INFO","channel":"s60210af45c4f1","datetime":"2021-03-19T15:09:08.762837+01:00","extra":{}}
{"message":"SELECT COUNT(*) FROM `employee`","context":{"context":"Database","part":"prepareAndFetchColumn","extra":null},"level":200,"level_name":"INFO","channel":"s60210af45c4f1","datetime":"2021-03-19T15:09:08.763132+01:00","extra":{}}
{"message":"SELECT COUNT(*) FROM `order`","context":{"context":"Database","part":"prepareAndFetchColumn","extra":null},"level":200,"level_name":"INFO","channel":"s60210af45c4f1","datetime":"2021-03-19T15:09:08.763413+01:00","extra":{}}
{"message":"SELECT COUNT(*) FROM `orderdetail`","context":{"context":"Database","part":"prepareAndFetchColumn","extra":null},"level":200,"level_name":"INFO","channel":"s60210af45c4f1","datetime":"2021-03-19T15:09:08.763688+01:00","extra":{}}
{"message":"SELECT COUNT(*) FROM `product`","context":{"context":"Database","part":"prepareAndFetchColumn","extra":null},"level":200,"level_name":"INFO","channel":"s60210af45c4f1","datetime":"2021-03-19T15:09:08.764036+01:00","extra":{}}
{"message":"SELECT COUNT(*) FROM `section`","context":{"context":"Database","part":"prepareAndFetchColumn","extra":null},"level":200,"level_name":"INFO","channel":"s60210af45c4f1","datetime":"2021-03-19T15:09:08.764297+01:00","extra":{}}
{"message":"SELECT COUNT(*) FROM `timeslot`","context":{"context":"Database","part":"prepareAndFetchColumn","extra":null},"level":200,"level_name":"INFO","channel":"s60210af45c4f1","datetime":"2021-03-19T15:09:08.764581+01:00","extra":{}}
{"message":"SELECT COUNT(*) FROM `user`","context":{"context":"Database","part":"prepareAndFetchColumn","extra":null},"level":200,"level_name":"INFO","channel":"s60210af45c4f1","datetime":"2021-03-19T15:09:08.764836+01:00","extra":{}}
{"message":"SELECT COUNT(*) FROM `basket`","context":{"context":"Database","part":"prepareAndFetchColumn","extra":null},"level":200,"level_name":"INFO","channel":"s60210af45c4f1","datetime":"2021-03-19T15:09:14.060642+01:00","extra":{}}
{"message":"SELECT COUNT(*) FROM `basketdetail`","context":{"context":"Database","part":"prepareAndFetchColumn","extra":null},"level":200,"level_name":"INFO","channel":"s60210af45c4f1","datetime":"2021-03-19T15:09:14.062454+01:00","extra":{}}
{"message":"SELECT COUNT(*) FROM `employee`","context":{"context":"Database","part":"prepareAndFetchColumn","extra":null},"level":200,"level_name":"INFO","channel":"s60210af45c4f1","datetime":"2021-03-19T15:09:14.062834+01:00","extra":{}}
{"message":"SELECT COUNT(*) FROM `order`","context":{"context":"Database","part":"prepareAndFetchColumn","extra":null},"level":200,"level_name":"INFO","channel":"s60210af45c4f1","datetime":"2021-03-19T15:09:14.063205+01:00","extra":{}}
{"message":"SELECT COUNT(*) FROM `orderdetail`","context":{"context":"Database","part":"prepareAndFetchColumn","extra":null},"level":200,"level_name":"INFO","channel":"s60210af45c4f1","datetime":"2021-03-19T15:09:14.063531+01:00","extra":{}}
{"message":"SELECT COUNT(*) FROM `product`","context":{"context":"Database","part":"prepareAndFetchColumn","extra":null},"level":200,"level_name":"INFO","channel":"s60210af45c4f1","datetime":"2021-03-19T15:09:14.063890+01:00","extra":{}}
{"message":"SELECT COUNT(*) FROM `section`","context":{"context":"Database","part":"prepareAndFetchColumn","extra":null},"level":200,"level_name":"INFO","channel":"s60210af45c4f1","datetime":"2021-03-19T15:09:14.064238+01:00","extra":{}}
{"message":"SELECT COUNT(*) FROM `timeslot`","context":{"context":"Database","part":"prepareAndFetchColumn","extra":null},"level":200,"level_name":"INFO","channel":"s60210af45c4f1","datetime":"2021-03-19T15:09:14.064534+01:00","extra":{}}
{"message":"SELECT COUNT(*) FROM `user`","context":{"context":"Database","part":"prepareAndFetchColumn","extra":null},"level":200,"level_name":"INFO","channel":"s60210af45c4f1","datetime":"2021-03-19T15:09:14.064841+01:00","extra":{}}
{"message":"SELECT COUNT(*) FROM `basket`","context":{"context":"Database","part":"prepareAndFetchColumn","extra":null},"level":200,"level_name":"INFO","channel":"s60210af45c4f1","datetime":"2021-03-19T15:09:16.849845+01:00","extra":{}}
{"message":"SELECT COUNT(*) FROM `basketdetail`","context":{"context":"Database","part":"prepareAndFetchColumn","extra":null},"level":200,"level_name":"INFO","channel":"s60210af45c4f1","datetime":"2021-03-19T15:09:16.850918+01:00","extra":{}}
{"message":"SELECT COUNT(*) FROM `employee`","context":{"context":"Database","part":"prepareAndFetchColumn","extra":null},"level":200,"level_name":"INFO","channel":"s60210af45c4f1","datetime":"2021-03-19T15:09:16.851201+01:00","extra":{}}
{"message":"SELECT COUNT(*) FROM `order`","context":{"context":"Database","part":"prepareAndFetchColumn","extra":null},"level":200,"level_name":"INFO","channel":"s60210af45c4f1","datetime":"2021-03-19T15:09:16.851546+01:00","extra":{}}
{"message":"SELECT COUNT(*) FROM `orderdetail`","context":{"context":"Database","part":"prepareAndFetchColumn","extra":null},"level":200,"level_name":"INFO","channel":"s60210af45c4f1","datetime":"2021-03-19T15:09:16.851900+01:00","extra":{}}
{"message":"SELECT COUNT(*) FROM `product`","context":{"context":"Database","part":"prepareAndFetchColumn","extra":null},"level":200,"level_name":"INFO","channel":"s60210af45c4f1","datetime":"2021-03-19T15:09:16.852203+01:00","extra":{}}
{"message":"SELECT COUNT(*) FROM `section`","context":{"context":"Database","part":"prepareAndFetchColumn","extra":null},"level":200,"level_name":"INFO","channel":"s60210af45c4f1","datetime":"2021-03-19T15:09:16.852499+01:00","extra":{}}
{"message":"SELECT COUNT(*) FROM `timeslot`","context":{"context":"Database","part":"prepareAndFetchColumn","extra":null},"level":200,"level_name":"INFO","channel":"s60210af45c4f1","datetime":"2021-03-19T15:09:16.852812+01:00","extra":{}}
{"message":"SELECT COUNT(*) FROM `user`","context":{"context":"Database","part":"prepareAndFetchColumn","extra":null},"level":200,"level_name":"INFO","channel":"s60210af45c4f1","datetime":"2021-03-19T15:09:16.853115+01:00","extra":{}}
{"message":"SELECT COUNT(*) FROM `employee` WHERE 1=1","context":{"context":"Database","part":"prepareAndFetchColumn","extra":null},"level":200,"level_name":"INFO","channel":"s60210af45c4f1","datetime":"2021-03-19T15:09:18.576821+01:00","extra":{}}
{"message":"SELECT `employee`.`id`,`employee`.`name`,`employee`.`email`,`employee`.`password` FROM `employee` ","context":{"context":"Database","part":"prepareAndExecute","extra":null},"level":200,"level_name":"INFO","channel":"s60210af45c4f1","datetime":"2021-03-19T15:09:18.580144+01:00","extra":{}}
{"message":"SELECT `employee`.`id`,`employee`.`name`,`employee`.`email`,`employee`.`password` FROM `employee`  WHERE `id` = ? limit 1","context":{"context":"Database","part":"prepareAndExecute","extra":[1]},"level":200,"level_name":"INFO","channel":"s60210af45c4f1","datetime":"2021-03-19T15:09:21.070997+01:00","extra":{}}
{"message":"SELECT `order`.`id`,`order`.`dateCreation`,`order`.`status`,`order`.`amount`,`order`.`toPay`,`order`.`itemsNumber`,`order`.`missingNumber`,`order`.`idEmployee`,`order`.`idTimeslot`,`order`.`idUser` FROM `order`  WHERE `idEmployee`= ?","context":{"context":"Database","part":"prepareAndExecute","extra":[1]},"level":200,"level_name":"INFO","channel":"s60210af45c4f1","datetime":"2021-03-19T15:09:21.072862+01:00","extra":{}}
{"message":"SELECT `order`.`id`,`order`.`dateCreation`,`order`.`status`,`order`.`amount`,`order`.`toPay`,`order`.`itemsNumber`,`order`.`missingNumber`,`order`.`idEmployee`,`order`.`idTimeslot`,`order`.`idUser` FROM `order`  WHERE `idEmployee`= ?","context":{"context":"Database","part":"prepareAndExecute","extra":[1]},"level":200,"level_name":"INFO","channel":"s60210af45c4f1","datetime":"2021-03-19T15:09:21.075775+01:00","extra":{}}
{"message":"SELECT `employee`.`id`,`employee`.`name`,`employee`.`email`,`employee`.`password` FROM `employee`  WHERE `id` = ? limit 1","context":{"context":"Database","part":"prepareAndExecute","extra":[3]},"level":200,"level_name":"INFO","channel":"s60210af45c4f1","datetime":"2021-03-19T15:09:27.321678+01:00","extra":{}}
{"message":"SELECT `order`.`id`,`order`.`dateCreation`,`order`.`status`,`order`.`amount`,`order`.`toPay`,`order`.`itemsNumber`,`order`.`missingNumber`,`order`.`idEmployee`,`order`.`idTimeslot`,`order`.`idUser` FROM `order`  WHERE `idEmployee`= ?","context":{"context":"Database","part":"prepareAndExecute","extra":[3]},"level":200,"level_name":"INFO","channel":"s60210af45c4f1","datetime":"2021-03-19T15:09:27.323328+01:00","extra":{}}
{"message":"SELECT `order`.`id`,`order`.`dateCreation`,`order`.`status`,`order`.`amount`,`order`.`toPay`,`order`.`itemsNumber`,`order`.`missingNumber`,`order`.`idEmployee`,`order`.`idTimeslot`,`order`.`idUser` FROM `order`  WHERE `idEmployee`= ?","context":{"context":"Database","part":"prepareAndExecute","extra":[3]},"level":200,"level_name":"INFO","channel":"s60210af45c4f1","datetime":"2021-03-19T15:09:27.354307+01:00","extra":{}}
{"message":"SELECT `employee`.`id`,`employee`.`name`,`employee`.`email`,`employee`.`password` FROM `employee`  WHERE `id` = ? limit 1","context":{"context":"Database","part":"prepareAndExecute","extra":[3]},"level":200,"level_name":"INFO","channel":"s60210af45c4f1","datetime":"2021-03-19T15:09:27.535827+01:00","extra":{}}
{"message":"SELECT `order`.`id`,`order`.`dateCreation`,`order`.`status`,`order`.`amount`,`order`.`toPay`,`order`.`itemsNumber`,`order`.`missingNumber`,`order`.`idEmployee`,`order`.`idTimeslot`,`order`.`idUser` FROM `order`  WHERE `idEmployee`= ?","context":{"context":"Database","part":"prepareAndExecute","extra":[3]},"level":200,"level_name":"INFO","channel":"s60210af45c4f1","datetime":"2021-03-19T15:09:27.537336+01:00","extra":{}}
{"message":"SELECT `employee`.`id`,`employee`.`name`,`employee`.`email`,`employee`.`password` FROM `employee`  WHERE `id` = ? limit 1","context":{"context":"Database","part":"prepareAndExecute","extra":[3]},"level":200,"level_name":"INFO","channel":"s60210af45c4f1","datetime":"2021-03-19T15:09:30.832250+01:00","extra":{}}
{"message":"SELECT `order`.`id`,`order`.`dateCreation`,`order`.`status`,`order`.`amount`,`order`.`toPay`,`order`.`itemsNumber`,`order`.`missingNumber`,`order`.`idEmployee`,`order`.`idTimeslot`,`order`.`idUser` FROM `order`  WHERE `idEmployee`= ?","context":{"context":"Database","part":"prepareAndExecute","extra":[3]},"level":200,"level_name":"INFO","channel":"s60210af45c4f1","datetime":"2021-03-19T15:09:30.833734+01:00","extra":{}}
{"message":"SELECT `order`.`id`,`order`.`dateCreation`,`order`.`status`,`order`.`amount`,`order`.`toPay`,`order`.`itemsNumber`,`order`.`missingNumber`,`order`.`idEmployee`,`order`.`idTimeslot`,`order`.`idUser` FROM `order`  WHERE `idEmployee`= ?","context":{"context":"Database","part":"prepareAndExecute","extra":[3]},"level":200,"level_name":"INFO","channel":"s60210af45c4f1","datetime":"2021-03-19T15:09:30.836568+01:00","extra":{}}
{"message":"Route found for /login/connect/ : controllers\\MyAuth/connect","context":{"context":"Router","part":"getRouteUrlParts","extra":null},"level":200,"level_name":"INFO","channel":"s60210af45c4f1","datetime":"2021-03-19T15:09:44.017851+01:00","extra":{}}
{"message":"SELECT `user`.`id`,`user`.`name`,`user`.`email`,`user`.`password` FROM `user`  WHERE email= ? limit 1","context":{"context":"Database","part":"prepareAndExecute","extra":["mario@nintendo.org"]},"level":200,"level_name":"INFO","channel":"s60210af45c4f1","datetime":"2021-03-19T15:09:44.037974+01:00","extra":{}}
{"message":"Route found for /login/(index/)? : controllers\\MyAuth/index","context":{"context":"Router","part":"getRouteUrlParts","extra":null},"level":200,"level_name":"INFO","channel":"s60210af45c4f1","datetime":"2021-03-19T15:13:39.944357+01:00","extra":{}}
{"message":"SELECT COUNT(*) FROM `user` WHERE 1=1","context":{"context":"Database","part":"prepareAndFetchColumn","extra":null},"level":200,"level_name":"INFO","channel":"s60210af45c4f1","datetime":"2021-03-19T15:13:55.719445+01:00","extra":{}}
{"message":"SELECT `user`.`id`,`user`.`name`,`user`.`email`,`user`.`password` FROM `user` ","context":{"context":"Database","part":"prepareAndExecute","extra":null},"level":200,"level_name":"INFO","channel":"s60210af45c4f1","datetime":"2021-03-19T15:13:55.722645+01:00","extra":{}}
{"message":"SELECT `user`.`id`,`user`.`name`,`user`.`email`,`user`.`password` FROM `user`  WHERE `id` = ? limit 1","context":{"context":"Database","part":"prepareAndExecute","extra":[1]},"level":200,"level_name":"INFO","channel":"s60210af45c4f1","datetime":"2021-03-19T15:14:00.822632+01:00","extra":{}}
{"message":"SELECT `basket`.`id`,`basket`.`name`,`basket`.`dateCreation`,`basket`.`idUser` FROM `basket`  WHERE `idUser`= ?","context":{"context":"Database","part":"prepareAndExecute","extra":[1]},"level":200,"level_name":"INFO","channel":"s60210af45c4f1","datetime":"2021-03-19T15:14:00.825520+01:00","extra":{}}
{"message":"SELECT `order`.`id`,`order`.`dateCreation`,`order`.`status`,`order`.`amount`,`order`.`toPay`,`order`.`itemsNumber`,`order`.`missingNumber`,`order`.`idEmployee`,`order`.`idTimeslot`,`order`.`idUser` FROM `order`  WHERE `idUser`= ?","context":{"context":"Database","part":"prepareAndExecute","extra":[1]},"level":200,"level_name":"INFO","channel":"s60210af45c4f1","datetime":"2021-03-19T15:14:00.826986+01:00","extra":{}}
{"message":"SELECT `basket`.`id`,`basket`.`name`,`basket`.`dateCreation`,`basket`.`idUser` FROM `basket`  WHERE `idUser`= ?","context":{"context":"Database","part":"prepareAndExecute","extra":[1]},"level":200,"level_name":"INFO","channel":"s60210af45c4f1","datetime":"2021-03-19T15:14:00.829692+01:00","extra":{}}
{"message":"SELECT `order`.`id`,`order`.`dateCreation`,`order`.`status`,`order`.`amount`,`order`.`toPay`,`order`.`itemsNumber`,`order`.`missingNumber`,`order`.`idEmployee`,`order`.`idTimeslot`,`order`.`idUser` FROM `order`  WHERE `idUser`= ?","context":{"context":"Database","part":"prepareAndExecute","extra":[1]},"level":200,"level_name":"INFO","channel":"s60210af45c4f1","datetime":"2021-03-19T15:14:00.830079+01:00","extra":{}}
{"message":"Route found for /login/connect/ : controllers\\MyAuth/connect","context":{"context":"Router","part":"getRouteUrlParts","extra":null},"level":200,"level_name":"INFO","channel":"s60210af45c4f1","datetime":"2021-03-19T15:14:12.834754+01:00","extra":{}}
{"message":"SELECT `user`.`id`,`user`.`name`,`user`.`email`,`user`.`password` FROM `user`  WHERE email= ? limit 1","context":{"context":"Database","part":"prepareAndExecute","extra":["a.smith@email.net"]},"level":200,"level_name":"INFO","channel":"s60210af45c4f1","datetime":"2021-03-19T15:14:12.854544+01:00","extra":{}}
{"message":"#0 C:\\Users\\Edgar\\tds\\vendor\\phpmv\\ubiquity\\src\\Ubiquity\\controllers\\auth\\AuthController.php(98): controllers\\MyAuth->_connect()\n#1 C:\\Users\\Edgar\\tds\\vendor\\phpmv\\ubiquity\\src\\Ubiquity\\controllers\\Startup.php(145): Ubiquity\\controllers\\auth\\AuthController->connect()\n#2 C:\\Users\\Edgar\\tds\\vendor\\phpmv\\ubiquity\\src\\Ubiquity\\controllers\\Startup.php(97): Ubiquity\\controllers\\Startup::runAction(Array, true, true)\n#3 C:\\Users\\Edgar\\tds\\vendor\\phpmv\\ubiquity\\src\\Ubiquity\\controllers\\Startup.php(66): Ubiquity\\controllers\\Startup::forward('login/connect')\n#4 C:\\Users\\Edgar\\tds\\.ubiquity\\_index.php(25): Ubiquity\\controllers\\Startup::run(Array)\n#5 C:\\Users\\Edgar\\tds\\.ubiquity\\.htrouter.php(5): include_once('C:\\\\Users\\\\Edgar\\\\...')\n#6 {main}","context":{"context":"Startup","part":"runAction","extra":null},"level":300,"level_name":"WARNING","channel":"s60210af45c4f1","datetime":"2021-03-19T15:14:12.855401+01:00","extra":{}}
{"message":"#0 C:\\Users\\Edgar\\tds\\vendor\\phpmv\\ubiquity\\src\\Ubiquity\\controllers\\auth\\AuthController.php(98): controllers\\MyAuth->_connect()\n#1 C:\\Users\\Edgar\\tds\\vendor\\phpmv\\ubiquity\\src\\Ubiquity\\controllers\\Startup.php(145): Ubiquity\\controllers\\auth\\AuthController->connect()\n#2 C:\\Users\\Edgar\\tds\\vendor\\phpmv\\ubiquity\\src\\Ubiquity\\controllers\\Startup.php(97): Ubiquity\\controllers\\Startup::runAction(Array, true, true)\n#3 C:\\Users\\Edgar\\tds\\vendor\\phpmv\\ubiquity\\src\\Ubiquity\\controllers\\Startup.php(66): Ubiquity\\controllers\\Startup::forward('login/connect')\n#4 C:\\Users\\Edgar\\tds\\.ubiquity\\_index.php(25): Ubiquity\\controllers\\Startup::run(Array)\n#5 C:\\Users\\Edgar\\tds\\.ubiquity\\.htrouter.php(5): include_once('C:\\\\Users\\\\Edgar\\\\...')\n#6 {main}","context":{"context":"Startup","part":"runAction","extra":null},"level":300,"level_name":"WARNING","channel":"s60210af45c4f1","datetime":"2021-03-19T15:14:12.855443+01:00","extra":{}}
{"message":"Route found for /login/connect/ : controllers\\MyAuth/connect","context":{"context":"Router","part":"getRouteUrlParts","extra":null},"level":200,"level_name":"INFO","channel":"s60210af45c4f1","datetime":"2021-03-19T15:17:27.829482+01:00","extra":{}}
{"message":"SELECT `user`.`id`,`user`.`name`,`user`.`email`,`user`.`password` FROM `user`  WHERE email= ? limit 1","context":{"context":"Database","part":"prepareAndExecute","extra":["a.smith@email.net"]},"level":200,"level_name":"INFO","channel":"s60210af45c4f1","datetime":"2021-03-19T15:17:27.854750+01:00","extra":{}}
{"message":"Route found for /login/connect/ : controllers\\MyAuth/connect","context":{"context":"Router","part":"getRouteUrlParts","extra":null},"level":200,"level_name":"INFO","channel":"s60210af45c4f1","datetime":"2021-03-19T15:20:32.670419+01:00","extra":{}}
{"message":"SELECT `user`.`id`,`user`.`name`,`user`.`email`,`user`.`password` FROM `user`  WHERE email= ? limit 1","context":{"context":"Database","part":"prepareAndExecute","extra":["a.smith@email.net"]},"level":200,"level_name":"INFO","channel":"s60210af45c4f1","datetime":"2021-03-19T15:20:32.692490+01:00","extra":{}}
{"message":"Route found for /login/terminate/ : controllers\\MyAuth/terminate","context":{"context":"Router","part":"getRouteUrlParts","extra":null},"level":200,"level_name":"INFO","channel":"s60210af45c4f1","datetime":"2021-03-19T15:20:36.551012+01:00","extra":{}}
{"message":"Route found for /login/(index/)? : controllers\\MyAuth/index","context":{"context":"Router","part":"getRouteUrlParts","extra":null},"level":200,"level_name":"INFO","channel":"s60210af45c4f1","datetime":"2021-03-19T15:20:40.235784+01:00","extra":{}}
{"message":"Route found for /login/connect/ : controllers\\MyAuth/connect","context":{"context":"Router","part":"getRouteUrlParts","extra":null},"level":200,"level_name":"INFO","channel":"s60210af45c4f1","datetime":"2021-03-19T15:20:44.124665+01:00","extra":{}}
{"message":"SELECT `user`.`id`,`user`.`name`,`user`.`email`,`user`.`password` FROM `user`  WHERE email= ? limit 1","context":{"context":"Database","part":"prepareAndExecute","extra":["a.smith@email.net"]},"level":200,"level_name":"INFO","channel":"s60210af45c4f1","datetime":"2021-03-19T15:20:44.145596+01:00","extra":{}}
{"message":"Route found for /_default/ : controllers\\IndexController/index","context":{"context":"Router","part":"getRouteUrlParts","extra":null},"level":200,"level_name":"INFO","channel":"s60210af45c4f1","datetime":"2021-03-19T15:20:44.225502+01:00","extra":{}}
{"message":"SELECT COUNT(*) FROM `user` WHERE 1=1","context":{"context":"Database","part":"prepareAndFetchColumn","extra":null},"level":200,"level_name":"INFO","channel":"s60210af45c4f1","datetime":"2021-03-19T15:39:17.250911+01:00","extra":{}}
{"message":"SELECT `user`.`id`,`user`.`name`,`user`.`email`,`user`.`password` FROM `user` ","context":{"context":"Database","part":"prepareAndExecute","extra":null},"level":200,"level_name":"INFO","channel":"s60210af45c4f1","datetime":"2021-03-19T15:39:17.253755+01:00","extra":{}}
{"message":"Route found for /_default/ : controllers\\IndexController/index","context":{"context":"Router","part":"getRouteUrlParts","extra":null},"level":200,"level_name":"INFO","channel":"s60210af45c4f1","datetime":"2021-03-19T15:43:15.909988+01:00","extra":{}}
{"message":"Route found for /_default/ : controllers\\IndexController/index","context":{"context":"Router","part":"getRouteUrlParts","extra":null},"level":200,"level_name":"INFO","channel":"s60210af45c4f1","datetime":"2021-03-22T13:10:01.712721+01:00","extra":{}}
{"message":"Route found for /_default/ : controllers\\IndexController/index","context":{"context":"Router","part":"getRouteUrlParts","extra":null},"level":200,"level_name":"INFO","channel":"s60210af45c4f1","datetime":"2021-03-22T13:10:09.980274+01:00","extra":{}}
{"message":"SELECT COUNT(*) FROM `basket`","context":{"context":"Database","part":"prepareAndFetchColumn","extra":null},"level":200,"level_name":"INFO","channel":"s60210af45c4f1","datetime":"2021-03-22T13:10:18.352948+01:00","extra":{}}
{"message":"SELECT COUNT(*) FROM `basketdetail`","context":{"context":"Database","part":"prepareAndFetchColumn","extra":null},"level":200,"level_name":"INFO","channel":"s60210af45c4f1","datetime":"2021-03-22T13:10:18.378896+01:00","extra":{}}
{"message":"SELECT COUNT(*) FROM `employee`","context":{"context":"Database","part":"prepareAndFetchColumn","extra":null},"level":200,"level_name":"INFO","channel":"s60210af45c4f1","datetime":"2021-03-22T13:10:18.380239+01:00","extra":{}}
{"message":"SELECT COUNT(*) FROM `order`","context":{"context":"Database","part":"prepareAndFetchColumn","extra":null},"level":200,"level_name":"INFO","channel":"s60210af45c4f1","datetime":"2021-03-22T13:10:18.381064+01:00","extra":{}}
{"message":"SELECT COUNT(*) FROM `orderdetail`","context":{"context":"Database","part":"prepareAndFetchColumn","extra":null},"level":200,"level_name":"INFO","channel":"s60210af45c4f1","datetime":"2021-03-22T13:10:18.381403+01:00","extra":{}}
{"message":"SELECT COUNT(*) FROM `product`","context":{"context":"Database","part":"prepareAndFetchColumn","extra":null},"level":200,"level_name":"INFO","channel":"s60210af45c4f1","datetime":"2021-03-22T13:10:18.381774+01:00","extra":{}}
{"message":"SELECT COUNT(*) FROM `section`","context":{"context":"Database","part":"prepareAndFetchColumn","extra":null},"level":200,"level_name":"INFO","channel":"s60210af45c4f1","datetime":"2021-03-22T13:10:18.382135+01:00","extra":{}}
{"message":"SELECT COUNT(*) FROM `timeslot`","context":{"context":"Database","part":"prepareAndFetchColumn","extra":null},"level":200,"level_name":"INFO","channel":"s60210af45c4f1","datetime":"2021-03-22T13:10:18.382466+01:00","extra":{}}
{"message":"SELECT COUNT(*) FROM `user`","context":{"context":"Database","part":"prepareAndFetchColumn","extra":null},"level":200,"level_name":"INFO","channel":"s60210af45c4f1","datetime":"2021-03-22T13:10:18.382847+01:00","extra":{}}
{"message":"SELECT COUNT(*) FROM `employee` WHERE 1=1","context":{"context":"Database","part":"prepareAndFetchColumn","extra":null},"level":200,"level_name":"INFO","channel":"s60210af45c4f1","datetime":"2021-03-22T13:10:33.031864+01:00","extra":{}}
{"message":"SELECT `employee`.`id`,`employee`.`name`,`employee`.`email`,`employee`.`password` FROM `employee` ","context":{"context":"Database","part":"prepareAndExecute","extra":null},"level":200,"level_name":"INFO","channel":"s60210af45c4f1","datetime":"2021-03-22T13:10:33.121801+01:00","extra":{}}
{"message":"Route found for /login/connect/ : controllers\\MyAuth/connect","context":{"context":"Router","part":"getRouteUrlParts","extra":null},"level":200,"level_name":"INFO","channel":"s60210af45c4f1","datetime":"2021-03-22T13:11:00.039652+01:00","extra":{}}
{"message":"SELECT `user`.`id`,`user`.`name`,`user`.`email`,`user`.`password` FROM `user`  WHERE email= ? limit 1","context":{"context":"Database","part":"prepareAndExecute","extra":["a.smith@email.net"]},"level":200,"level_name":"INFO","channel":"s60210af45c4f1","datetime":"2021-03-22T13:11:00.061347+01:00","extra":{}}
{"message":"Route found for /_default/ : controllers\\IndexController/index","context":{"context":"Router","part":"getRouteUrlParts","extra":null},"level":200,"level_name":"INFO","channel":"s60210af45c4f1","datetime":"2021-03-22T13:11:00.194847+01:00","extra":{}}
{"message":"Route found for /_default/ : controllers\\IndexController/index","context":{"context":"Router","part":"getRouteUrlParts","extra":null},"level":200,"level_name":"INFO","channel":"s60210af45c4f1","datetime":"2021-03-22T13:11:05.872774+01:00","extra":{}}
{"message":"Route found for /login/connect/ : controllers\\MyAuth/connect","context":{"context":"Router","part":"getRouteUrlParts","extra":null},"level":200,"level_name":"INFO","channel":"s60210af45c4f1","datetime":"2021-03-22T13:11:10.087069+01:00","extra":{}}
{"message":"SELECT `user`.`id`,`user`.`name`,`user`.`email`,`user`.`password` FROM `user`  WHERE email= ? limit 1","context":{"context":"Database","part":"prepareAndExecute","extra":["a.smith@email.net"]},"level":200,"level_name":"INFO","channel":"s60210af45c4f1","datetime":"2021-03-22T13:11:10.101589+01:00","extra":{}}
{"message":"Route found for /_default/ : controllers\\IndexController/index","context":{"context":"Router","part":"getRouteUrlParts","extra":null},"level":200,"level_name":"INFO","channel":"s60210af45c4f1","datetime":"2021-03-22T13:11:10.242954+01:00","extra":{}}
{"message":"Route found for /login/terminate/ : controllers\\MyAuth/terminate","context":{"context":"Router","part":"getRouteUrlParts","extra":null},"level":200,"level_name":"INFO","channel":"s60210af45c4f1","datetime":"2021-03-22T13:11:18.980201+01:00","extra":{}}
{"message":"#0 C:\\Users\\Edgar\\tds\\vendor\\phpmv\\ubiquity\\src\\Ubiquity\\orm\\traits\\DAOCoreTrait.php(133): array_diff(NULL, NULL)\n#1 C:\\Users\\Edgar\\tds\\vendor\\phpmv\\ubiquity\\src\\Ubiquity\\orm\\traits\\DAOCoreTrait.php(84): Ubiquity\\orm\\DAO::_getFieldList(NULL, false)\n#2 C:\\Users\\Edgar\\tds\\vendor\\phpmv\\ubiquity\\src\\Ubiquity\\orm\\DAO.php(183): Ubiquity\\orm\\DAO::_getOne(Object(Ubiquity\\db\\Database), NULL, Object(Ubiquity\\orm\\parser\\ConditionParser), true, NULL)\n#3 C:\\Users\\Edgar\\tds\\vendor\\phpmv\\ubiquity-webtools\\src\\Ubiquity\\controllers\\admin\\traits\\ModelsTrait.php(275): Ubiquity\\orm\\DAO::getById(NULL, Array, true)\n#4 C:\\Users\\Edgar\\tds\\vendor\\phpmv\\ubiquity-webtools\\src\\Ubiquity\\controllers\\admin\\traits\\ModelsTrait.php(372): Ubiquity\\controllers\\admin\\UbiquityMyAdminBaseController->getModelInstance(Array)\n#5 C:\\Users\\Edgar\\tds\\vendor\\phpmv\\ubiquity\\src\\Ubiquity\\controllers\\Startup.php(145): Ubiquity\\controllers\\admin\\UbiquityMyAdminBaseController->_showModelDetails('1')\n#6 C:\\Users\\Edgar\\tds\\vendor\\phpmv\\ubiquity\\src\\Ubiquity\\controllers\\Startup.php(106): Ubiquity\\controllers\\Startup::runAction(Array, true, true)\n#7 C:\\Users\\Edgar\\tds\\vendor\\phpmv\\ubiquity\\src\\Ubiquity\\controllers\\Startup.php(66): Ubiquity\\controllers\\Startup::forward('Admin/_showMode...')\n#8 C:\\Users\\Edgar\\tds\\.ubiquity\\_index.php(25): Ubiquity\\controllers\\Startup::run(Array)\n#9 C:\\Users\\Edgar\\tds\\.ubiquity\\.htrouter.php(5): include_once('C:\\\\Users\\\\Edgar\\\\...')\n#10 {main}","context":{"context":"Startup","part":"runAction","extra":null},"level":300,"level_name":"WARNING","channel":"s60210af45c4f1","datetime":"2021-03-22T13:11:24.231833+01:00","extra":{}}
{"message":"#0 C:\\Users\\Edgar\\tds\\vendor\\phpmv\\ubiquity\\src\\Ubiquity\\orm\\traits\\DAOCoreTrait.php(133): array_diff(NULL, NULL)\n#1 C:\\Users\\Edgar\\tds\\vendor\\phpmv\\ubiquity\\src\\Ubiquity\\orm\\traits\\DAOCoreTrait.php(84): Ubiquity\\orm\\DAO::_getFieldList(NULL, false)\n#2 C:\\Users\\Edgar\\tds\\vendor\\phpmv\\ubiquity\\src\\Ubiquity\\orm\\DAO.php(183): Ubiquity\\orm\\DAO::_getOne(Object(Ubiquity\\db\\Database), NULL, Object(Ubiquity\\orm\\parser\\ConditionParser), true, NULL)\n#3 C:\\Users\\Edgar\\tds\\vendor\\phpmv\\ubiquity-webtools\\src\\Ubiquity\\controllers\\admin\\traits\\ModelsTrait.php(275): Ubiquity\\orm\\DAO::getById(NULL, Array, true)\n#4 C:\\Users\\Edgar\\tds\\vendor\\phpmv\\ubiquity-webtools\\src\\Ubiquity\\controllers\\admin\\traits\\ModelsTrait.php(372): Ubiquity\\controllers\\admin\\UbiquityMyAdminBaseController->getModelInstance(Array)\n#5 C:\\Users\\Edgar\\tds\\vendor\\phpmv\\ubiquity\\src\\Ubiquity\\controllers\\Startup.php(145): Ubiquity\\controllers\\admin\\UbiquityMyAdminBaseController->_showModelDetails('1')\n#6 C:\\Users\\Edgar\\tds\\vendor\\phpmv\\ubiquity\\src\\Ubiquity\\controllers\\Startup.php(106): Ubiquity\\controllers\\Startup::runAction(Array, true, true)\n#7 C:\\Users\\Edgar\\tds\\vendor\\phpmv\\ubiquity\\src\\Ubiquity\\controllers\\Startup.php(66): Ubiquity\\controllers\\Startup::forward('Admin/_showMode...')\n#8 C:\\Users\\Edgar\\tds\\.ubiquity\\_index.php(25): Ubiquity\\controllers\\Startup::run(Array)\n#9 C:\\Users\\Edgar\\tds\\.ubiquity\\.htrouter.php(5): include_once('C:\\\\Users\\\\Edgar\\\\...')\n#10 {main}","context":{"context":"Startup","part":"runAction","extra":null},"level":300,"level_name":"WARNING","channel":"s60210af45c4f1","datetime":"2021-03-22T13:11:24.232142+01:00","extra":{}}
{"message":"Route found for /login/(index/)? : controllers\\MyAuth/index","context":{"context":"Router","part":"getRouteUrlParts","extra":null},"level":200,"level_name":"INFO","channel":"s60210af45c4f1","datetime":"2021-03-22T13:11:29.742777+01:00","extra":{}}
{"message":"Route found for /login/connect/ : controllers\\MyAuth/connect","context":{"context":"Router","part":"getRouteUrlParts","extra":null},"level":200,"level_name":"INFO","channel":"s60210af45c4f1","datetime":"2021-03-22T13:11:43.627733+01:00","extra":{}}
{"message":"SELECT `user`.`id`,`user`.`name`,`user`.`email`,`user`.`password` FROM `user`  WHERE email= ? limit 1","context":{"context":"Database","part":"prepareAndExecute","extra":["mario@nintendo.org"]},"level":200,"level_name":"INFO","channel":"s60210af45c4f1","datetime":"2021-03-22T13:11:43.648041+01:00","extra":{}}
{"message":"Route found for /login/(index/)? : controllers\\MyAuth/index","context":{"context":"Router","part":"getRouteUrlParts","extra":null},"level":200,"level_name":"INFO","channel":"s60210af45c4f1","datetime":"2021-03-22T13:11:47.372995+01:00","extra":{}}
{"message":"SELECT COUNT(*) FROM `employee` WHERE 1=1","context":{"context":"Database","part":"prepareAndFetchColumn","extra":null},"level":200,"level_name":"INFO","channel":"s60210af45c4f1","datetime":"2021-03-22T13:17:17.153245+01:00","extra":{}}
{"message":"SELECT `employee`.`id`,`employee`.`name`,`employee`.`email`,`employee`.`password` FROM `employee` ","context":{"context":"Database","part":"prepareAndExecute","extra":null},"level":200,"level_name":"INFO","channel":"s60210af45c4f1","datetime":"2021-03-22T13:17:17.157787+01:00","extra":{}}
{"message":"Route found for /login/(index/)? : controllers\\MyAuth/index","context":{"context":"Router","part":"getRouteUrlParts","extra":null},"level":200,"level_name":"INFO","channel":"s60210af45c4f1","datetime":"2021-03-22T13:20:36.018151+01:00","extra":{}}
{"message":"Route found for /login/connect/ : controllers\\MyAuth/connect","context":{"context":"Router","part":"getRouteUrlParts","extra":null},"level":200,"level_name":"INFO","channel":"s60210af45c4f1","datetime":"2021-03-22T13:20:50.656742+01:00","extra":{}}
{"message":"SELECT `user`.`id`,`user`.`name`,`user`.`email`,`user`.`password` FROM `user`  WHERE email= ? limit 1","context":{"context":"Database","part":"prepareAndExecute","extra":["a.smith@email.net"]},"level":200,"level_name":"INFO","channel":"s60210af45c4f1","datetime":"2021-03-22T13:20:50.681681+01:00","extra":{}}
{"message":"Route found for /login/connect/ : controllers\\MyAuth/connect","context":{"context":"Router","part":"getRouteUrlParts","extra":null},"level":200,"level_name":"INFO","channel":"s60210af45c4f1","datetime":"2021-03-22T13:27:49.781300+01:00","extra":{}}
{"message":"SELECT `user`.`id`,`user`.`name`,`user`.`email`,`user`.`password` FROM `user`  WHERE email= ? limit 1","context":{"context":"Database","part":"prepareAndExecute","extra":["a.smith@email.net"]},"level":200,"level_name":"INFO","channel":"s60210af45c4f1","datetime":"2021-03-22T13:27:49.799943+01:00","extra":{}}
{"message":"Route found for /login/connect/ : controllers\\MyAuth/connect","context":{"context":"Router","part":"getRouteUrlParts","extra":null},"level":200,"level_name":"INFO","channel":"s60210af45c4f1","datetime":"2021-03-22T13:34:39.351764+01:00","extra":{}}
{"message":"SELECT `user`.`id`,`user`.`name`,`user`.`email`,`user`.`password` FROM `user`  WHERE email= ? limit 1","context":{"context":"Database","part":"prepareAndExecute","extra":["a.smith@email.net"]},"level":200,"level_name":"INFO","channel":"s60210af45c4f1","datetime":"2021-03-22T13:34:39.367385+01:00","extra":{}}
{"message":"Route found for /login/connect/ : controllers\\MyAuth/connect","context":{"context":"Router","part":"getRouteUrlParts","extra":null},"level":200,"level_name":"INFO","channel":"s60210af45c4f1","datetime":"2021-03-22T13:37:49.614192+01:00","extra":{}}
{"message":"SELECT `user`.`id`,`user`.`name`,`user`.`email`,`user`.`password` FROM `user`  WHERE email= ? limit 1","context":{"context":"Database","part":"prepareAndExecute","extra":["a.smith@email.net"]},"level":200,"level_name":"INFO","channel":"s60210af45c4f1","datetime":"2021-03-22T13:37:49.639970+01:00","extra":{}}
{"message":"SELECT COUNT(*) FROM `basket`","context":{"context":"Database","part":"prepareAndFetchColumn","extra":null},"level":200,"level_name":"INFO","channel":"s60210af45c4f1","datetime":"2021-03-22T14:05:48.028461+01:00","extra":{}}
{"message":"SELECT COUNT(*) FROM `basketdetail`","context":{"context":"Database","part":"prepareAndFetchColumn","extra":null},"level":200,"level_name":"INFO","channel":"s60210af45c4f1","datetime":"2021-03-22T14:05:48.029922+01:00","extra":{}}
{"message":"SELECT COUNT(*) FROM `employee`","context":{"context":"Database","part":"prepareAndFetchColumn","extra":null},"level":200,"level_name":"INFO","channel":"s60210af45c4f1","datetime":"2021-03-22T14:05:48.030515+01:00","extra":{}}
{"message":"SELECT COUNT(*) FROM `order`","context":{"context":"Database","part":"prepareAndFetchColumn","extra":null},"level":200,"level_name":"INFO","channel":"s60210af45c4f1","datetime":"2021-03-22T14:05:48.031216+01:00","extra":{}}
{"message":"SELECT COUNT(*) FROM `orderdetail`","context":{"context":"Database","part":"prepareAndFetchColumn","extra":null},"level":200,"level_name":"INFO","channel":"s60210af45c4f1","datetime":"2021-03-22T14:05:48.031680+01:00","extra":{}}
{"message":"SELECT COUNT(*) FROM `product`","context":{"context":"Database","part":"prepareAndFetchColumn","extra":null},"level":200,"level_name":"INFO","channel":"s60210af45c4f1","datetime":"2021-03-22T14:05:48.032078+01:00","extra":{}}
{"message":"SELECT COUNT(*) FROM `section`","context":{"context":"Database","part":"prepareAndFetchColumn","extra":null},"level":200,"level_name":"INFO","channel":"s60210af45c4f1","datetime":"2021-03-22T14:05:48.032449+01:00","extra":{}}
{"message":"SELECT COUNT(*) FROM `timeslot`","context":{"context":"Database","part":"prepareAndFetchColumn","extra":null},"level":200,"level_name":"INFO","channel":"s60210af45c4f1","datetime":"2021-03-22T14:05:48.032818+01:00","extra":{}}
{"message":"SELECT COUNT(*) FROM `user`","context":{"context":"Database","part":"prepareAndFetchColumn","extra":null},"level":200,"level_name":"INFO","channel":"s60210af45c4f1","datetime":"2021-03-22T14:05:48.033155+01:00","extra":{}}
{"message":"SELECT COUNT(*) FROM `user` WHERE 1=1","context":{"context":"Database","part":"prepareAndFetchColumn","extra":null},"level":200,"level_name":"INFO","channel":"s60210af45c4f1","datetime":"2021-03-22T14:05:51.089343+01:00","extra":{}}
{"message":"SELECT `user`.`id`,`user`.`name`,`user`.`email`,`user`.`password` FROM `user` ","context":{"context":"Database","part":"prepareAndExecute","extra":null},"level":200,"level_name":"INFO","channel":"s60210af45c4f1","datetime":"2021-03-22T14:05:51.091718+01:00","extra":{}}
{"message":"The controller `controllers\\class=` doesn't exist! <br/>","context":{"context":"Startup","part":"runAction","extra":null},"level":300,"level_name":"WARNING","channel":"s60210af45c4f1","datetime":"2021-03-22T14:24:35.920772+01:00","extra":{}}
{"message":"Route found for /_default/ : controllers\\IndexController/index","context":{"context":"Router","part":"getRouteUrlParts","extra":null},"level":200,"level_name":"INFO","channel":"s60210af45c4f1","datetime":"2021-03-22T14:24:56.930173+01:00","extra":{}}
{"message":"Route found for /_default/ : controllers\\IndexController/index","context":{"context":"Router","part":"getRouteUrlParts","extra":null},"level":200,"level_name":"INFO","channel":"s60210af45c4f1","datetime":"2021-03-22T14:25:44.096334+01:00","extra":{}}
{"message":"Route found for /_default/ : controllers\\IndexController/index","context":{"context":"Router","part":"getRouteUrlParts","extra":null},"level":200,"level_name":"INFO","channel":"s60210af45c4f1","datetime":"2021-03-22T14:26:48.873736+01:00","extra":{}}
{"message":"SELECT `product`.`id`,`product`.`name`,`product`.`comments`,`product`.`image`,`product`.`price`,`product`.`promotion`,`product`.`idSection` FROM `product` ","context":{"context":"Database","part":"prepareAndExecute","extra":null},"level":200,"level_name":"INFO","channel":"s60210af45c4f1","datetime":"2021-03-22T14:27:21.256590+01:00","extra":{}}
{"message":"SELECT `section`.`id`,`section`.`name`,`section`.`description` FROM `section` ","context":{"context":"Database","part":"prepareAndExecute","extra":null},"level":200,"level_name":"INFO","channel":"s60210af45c4f1","datetime":"2021-03-22T14:27:21.283433+01:00","extra":{}}
{"message":"SELECT `product`.`id`,`product`.`name`,`product`.`comments`,`product`.`image`,`product`.`price`,`product`.`promotion`,`product`.`idSection` FROM `product`  INNER JOIN (SELECT ? as _id UNION ALL SELECT ? UNION ALL SELECT ? UNION ALL SELECT ?) as _tmp ON `idSection`=_tmp._id","context":{"context":"Database","part":"prepareAndExecute","extra":[1,2,7,10]},"level":200,"level_name":"INFO","channel":"s60210af45c4f1","datetime":"2021-03-22T14:27:21.353149+01:00","extra":{}}
{"message":"SELECT `product`.`id`,`product`.`name`,`product`.`comments`,`product`.`image`,`product`.`price`,`product`.`promotion`,`product`.`idSection` FROM `product`  WHERE promotion< ?","context":{"context":"Database","part":"prepareAndExecute","extra":[0]},"level":200,"level_name":"INFO","channel":"s60210af45c4f1","datetime":"2021-03-22T14:27:21.440860+01:00","extra":{}}
{"message":"Route found for /_default/ : controllers\\IndexController/index","context":{"context":"Router","part":"getRouteUrlParts","extra":null},"level":200,"level_name":"INFO","channel":"s60210af45c4f1","datetime":"2021-03-22T14:27:49.506571+01:00","extra":{}}
{"message":"SELECT `product`.`id`,`product`.`name`,`product`.`comments`,`product`.`image`,`product`.`price`,`product`.`promotion`,`product`.`idSection` FROM `product` ","context":{"context":"Database","part":"prepareAndExecute","extra":null},"level":200,"level_name":"INFO","channel":"s60210af45c4f1","datetime":"2021-03-22T14:27:52.638742+01:00","extra":{}}
{"message":"SELECT `section`.`id`,`section`.`name`,`section`.`description` FROM `section` ","context":{"context":"Database","part":"prepareAndExecute","extra":null},"level":200,"level_name":"INFO","channel":"s60210af45c4f1","datetime":"2021-03-22T14:27:52.640130+01:00","extra":{}}
{"message":"SELECT `product`.`id`,`product`.`name`,`product`.`comments`,`product`.`image`,`product`.`price`,`product`.`promotion`,`product`.`idSection` FROM `product`  INNER JOIN (SELECT ? as _id UNION ALL SELECT ? UNION ALL SELECT ? UNION ALL SELECT ?) as _tmp ON `idSection`=_tmp._id","context":{"context":"Database","part":"prepareAndExecute","extra":[1,2,7,10]},"level":200,"level_name":"INFO","channel":"s60210af45c4f1","datetime":"2021-03-22T14:27:52.641010+01:00","extra":{}}
{"message":"SELECT `product`.`id`,`product`.`name`,`product`.`comments`,`product`.`image`,`product`.`price`,`product`.`promotion`,`product`.`idSection` FROM `product`  WHERE promotion< ?","context":{"context":"Database","part":"prepareAndExecute","extra":[0]},"level":200,"level_name":"INFO","channel":"s60210af45c4f1","datetime":"2021-03-22T14:27:52.642386+01:00","extra":{}}
{"message":"SELECT `product`.`id`,`product`.`name`,`product`.`comments`,`product`.`image`,`product`.`price`,`product`.`promotion`,`product`.`idSection` FROM `product` ","context":{"context":"Database","part":"prepareAndExecute","extra":null},"level":200,"level_name":"INFO","channel":"s60210af45c4f1","datetime":"2021-03-22T14:28:19.901811+01:00","extra":{}}
{"message":"SELECT `product`.`id`,`product`.`name`,`product`.`comments`,`product`.`image`,`product`.`price`,`product`.`promotion`,`product`.`idSection` FROM `product` ","context":{"context":"Database","part":"prepareAndExecute","extra":null},"level":200,"level_name":"INFO","channel":"s60210af45c4f1","datetime":"2021-03-22T14:28:31.537075+01:00","extra":{}}
{"message":"SELECT `section`.`id`,`section`.`name`,`section`.`description` FROM `section` ","context":{"context":"Database","part":"prepareAndExecute","extra":null},"level":200,"level_name":"INFO","channel":"s60210af45c4f1","datetime":"2021-03-22T14:28:31.538507+01:00","extra":{}}
{"message":"SELECT `product`.`id`,`product`.`name`,`product`.`comments`,`product`.`image`,`product`.`price`,`product`.`promotion`,`product`.`idSection` FROM `product`  INNER JOIN (SELECT ? as _id UNION ALL SELECT ? UNION ALL SELECT ? UNION ALL SELECT ?) as _tmp ON `idSection`=_tmp._id","context":{"context":"Database","part":"prepareAndExecute","extra":[1,2,7,10]},"level":200,"level_name":"INFO","channel":"s60210af45c4f1","datetime":"2021-03-22T14:28:31.539665+01:00","extra":{}}
{"message":"#0 C:\\Users\\Edgar\\tds\\vendor\\composer\\ClassLoader.php(322): Composer\\Autoload\\includeFile('C:\\\\Users\\\\Edgar\\\\...')\n#1 [internal function]: Composer\\Autoload\\ClassLoader->loadClass('controllers\\\\Mai...')\n#2 C:\\Users\\Edgar\\tds\\vendor\\phpmv\\ubiquity\\src\\Ubiquity\\controllers\\Startup.php(35): class_exists('controllers\\\\Mai...', true)\n#3 C:\\Users\\Edgar\\tds\\vendor\\phpmv\\ubiquity\\src\\Ubiquity\\controllers\\Startup.php(137): Ubiquity\\controllers\\Startup::_getControllerInstance('controllers\\\\Mai...')\n#4 C:\\Users\\Edgar\\tds\\vendor\\phpmv\\ubiquity\\src\\Ubiquity\\controllers\\Startup.php(106): Ubiquity\\controllers\\Startup::runAction(Array, true, true)\n#5 C:\\Users\\Edgar\\tds\\vendor\\phpmv\\ubiquity\\src\\Ubiquity\\controllers\\Startup.php(66): Ubiquity\\controllers\\Startup::forward('MainController/...')\n#6 C:\\Users\\Edgar\\tds\\.ubiquity\\_index.php(25): Ubiquity\\controllers\\Startup::run(Array)\n#7 C:\\Users\\Edgar\\tds\\.ubiquity\\.htrouter.php(5): include_once('C:\\\\Users\\\\Edgar\\\\...')\n#8 {main}","context":{"context":"Startup","part":"runAction","extra":null},"level":300,"level_name":"WARNING","channel":"s60210af45c4f1","datetime":"2021-03-22T14:28:47.599528+01:00","extra":{}}
{"message":"#0 C:\\Users\\Edgar\\tds\\vendor\\composer\\ClassLoader.php(322): Composer\\Autoload\\includeFile('C:\\\\Users\\\\Edgar\\\\...')\n#1 [internal function]: Composer\\Autoload\\ClassLoader->loadClass('controllers\\\\Mai...')\n#2 C:\\Users\\Edgar\\tds\\vendor\\phpmv\\ubiquity\\src\\Ubiquity\\controllers\\Startup.php(35): class_exists('controllers\\\\Mai...', true)\n#3 C:\\Users\\Edgar\\tds\\vendor\\phpmv\\ubiquity\\src\\Ubiquity\\controllers\\Startup.php(137): Ubiquity\\controllers\\Startup::_getControllerInstance('controllers\\\\Mai...')\n#4 C:\\Users\\Edgar\\tds\\vendor\\phpmv\\ubiquity\\src\\Ubiquity\\controllers\\Startup.php(106): Ubiquity\\controllers\\Startup::runAction(Array, true, true)\n#5 C:\\Users\\Edgar\\tds\\vendor\\phpmv\\ubiquity\\src\\Ubiquity\\controllers\\Startup.php(66): Ubiquity\\controllers\\Startup::forward('MainController')\n#6 C:\\Users\\Edgar\\tds\\.ubiquity\\_index.php(25): Ubiquity\\controllers\\Startup::run(Array)\n#7 C:\\Users\\Edgar\\tds\\.ubiquity\\.htrouter.php(5): include_once('C:\\\\Users\\\\Edgar\\\\...')\n#8 {main}","context":{"context":"Startup","part":"runAction","extra":null},"level":300,"level_name":"WARNING","channel":"s60210af45c4f1","datetime":"2021-03-22T14:28:52.215621+01:00","extra":{}}
{"message":"SELECT `product`.`id`,`product`.`name`,`product`.`comments`,`product`.`image`,`product`.`price`,`product`.`promotion`,`product`.`idSection` FROM `product` ","context":{"context":"Database","part":"prepareAndExecute","extra":null},"level":200,"level_name":"INFO","channel":"s60210af45c4f1","datetime":"2021-03-22T14:29:10.940052+01:00","extra":{}}
{"message":"SELECT `product`.`id`,`product`.`name`,`product`.`comments`,`product`.`image`,`product`.`price`,`product`.`promotion`,`product`.`idSection` FROM `product` ","context":{"context":"Database","part":"prepareAndExecute","extra":null},"level":200,"level_name":"INFO","channel":"s60210af45c4f1","datetime":"2021-03-22T14:29:30.110895+01:00","extra":{}}
{"message":"Route found for /_default/ : controllers\\IndexController/index","context":{"context":"Router","part":"getRouteUrlParts","extra":null},"level":200,"level_name":"INFO","channel":"s60210af45c4f1","datetime":"2021-03-22T14:29:47.453944+01:00","extra":{}}
{"message":"Route found for /_default/ : controllers\\IndexController/index","context":{"context":"Router","part":"getRouteUrlParts","extra":null},"level":200,"level_name":"INFO","channel":"s60210af45c4f1","datetime":"2021-03-22T14:31:20.539148+01:00","extra":{}}
{"message":"SELECT `product`.`id`,`product`.`name`,`product`.`comments`,`product`.`image`,`product`.`price`,`product`.`promotion`,`product`.`idSection` FROM `product` ","context":{"context":"Database","part":"prepareAndExecute","extra":null},"level":200,"level_name":"INFO","channel":"s60210af45c4f1","datetime":"2021-03-22T14:31:51.130126+01:00","extra":{}}
{"message":"SELECT `product`.`id`,`product`.`name`,`product`.`comments`,`product`.`image`,`product`.`price`,`product`.`promotion`,`product`.`idSection` FROM `product` ","context":{"context":"Database","part":"prepareAndExecute","extra":null},"level":200,"level_name":"INFO","channel":"s60210af45c4f1","datetime":"2021-03-22T14:38:19.753479+01:00","extra":{}}
{"message":"SELECT `section`.`id`,`section`.`name`,`section`.`description` FROM `section` ","context":{"context":"Database","part":"prepareAndExecute","extra":null},"level":200,"level_name":"INFO","channel":"s60210af45c4f1","datetime":"2021-03-22T14:38:19.754971+01:00","extra":{}}
{"message":"SELECT `product`.`id`,`product`.`name`,`product`.`comments`,`product`.`image`,`product`.`price`,`product`.`promotion`,`product`.`idSection` FROM `product` ","context":{"context":"Database","part":"prepareAndExecute","extra":null},"level":200,"level_name":"INFO","channel":"s60210af45c4f1","datetime":"2021-03-22T14:38:55.700725+01:00","extra":{}}
{"message":"SELECT `section`.`id`,`section`.`name`,`section`.`description` FROM `section` ","context":{"context":"Database","part":"prepareAndExecute","extra":null},"level":200,"level_name":"INFO","channel":"s60210af45c4f1","datetime":"2021-03-22T14:38:55.702290+01:00","extra":{}}
{"message":"SELECT `product`.`id`,`product`.`name`,`product`.`comments`,`product`.`image`,`product`.`price`,`product`.`promotion`,`product`.`idSection` FROM `product` ","context":{"context":"Database","part":"prepareAndExecute","extra":null},"level":200,"level_name":"INFO","channel":"s60210af45c4f1","datetime":"2021-03-22T14:42:30.677123+01:00","extra":{}}
{"message":"SELECT `section`.`id`,`section`.`name`,`section`.`description` FROM `section` ","context":{"context":"Database","part":"prepareAndExecute","extra":null},"level":200,"level_name":"INFO","channel":"s60210af45c4f1","datetime":"2021-03-22T14:42:30.678590+01:00","extra":{}}
{"message":"SELECT `product`.`id`,`product`.`name`,`product`.`comments`,`product`.`image`,`product`.`price`,`product`.`promotion`,`product`.`idSection` FROM `product` ","context":{"context":"Database","part":"prepareAndExecute","extra":null},"level":200,"level_name":"INFO","channel":"s60210af45c4f1","datetime":"2021-03-22T14:44:06.940532+01:00","extra":{}}
{"message":"SELECT `section`.`id`,`section`.`name`,`section`.`description` FROM `section` ","context":{"context":"Database","part":"prepareAndExecute","extra":null},"level":200,"level_name":"INFO","channel":"s60210af45c4f1","datetime":"2021-03-22T14:44:06.941829+01:00","extra":{}}
{"message":"SELECT `product`.`id`,`product`.`name`,`product`.`comments`,`product`.`image`,`product`.`price`,`product`.`promotion`,`product`.`idSection` FROM `product`  INNER JOIN (SELECT ? as _id UNION ALL SELECT ? UNION ALL SELECT ? UNION ALL SELECT ?) as _tmp ON `idSection`=_tmp._id","context":{"context":"Database","part":"prepareAndExecute","extra":[1,2,7,10]},"level":200,"level_name":"INFO","channel":"s60210af45c4f1","datetime":"2021-03-22T14:44:06.943135+01:00","extra":{}}
{"message":"SELECT `product`.`id`,`product`.`name`,`product`.`comments`,`product`.`image`,`product`.`price`,`product`.`promotion`,`product`.`idSection` FROM `product` ","context":{"context":"Database","part":"prepareAndExecute","extra":null},"level":200,"level_name":"INFO","channel":"s60210af45c4f1","datetime":"2021-03-22T14:45:33.209462+01:00","extra":{}}
{"message":"SELECT `section`.`id`,`section`.`name`,`section`.`description` FROM `section` ","context":{"context":"Database","part":"prepareAndExecute","extra":null},"level":200,"level_name":"INFO","channel":"s60210af45c4f1","datetime":"2021-03-22T14:45:33.211260+01:00","extra":{}}
{"message":"SELECT `product`.`id`,`product`.`name`,`product`.`comments`,`product`.`image`,`product`.`price`,`product`.`promotion`,`product`.`idSection` FROM `product`  INNER JOIN (SELECT ? as _id UNION ALL SELECT ? UNION ALL SELECT ? UNION ALL SELECT ?) as _tmp ON `idSection`=_tmp._id","context":{"context":"Database","part":"prepareAndExecute","extra":[1,2,7,10]},"level":200,"level_name":"INFO","channel":"s60210af45c4f1","datetime":"2021-03-22T14:45:33.212356+01:00","extra":{}}
{"message":"SELECT `product`.`id`,`product`.`name`,`product`.`comments`,`product`.`image`,`product`.`price`,`product`.`promotion`,`product`.`idSection` FROM `product`  WHERE promotion< ?","context":{"context":"Database","part":"prepareAndExecute","extra":[0]},"level":200,"level_name":"INFO","channel":"s60210af45c4f1","datetime":"2021-03-22T14:45:33.213549+01:00","extra":{}}
{"message":"SELECT `product`.`id`,`product`.`name`,`product`.`comments`,`product`.`image`,`product`.`price`,`product`.`promotion`,`product`.`idSection` FROM `product` ","context":{"context":"Database","part":"prepareAndExecute","extra":null},"level":200,"level_name":"INFO","channel":"s60210af45c4f1","datetime":"2021-03-22T14:46:17.329242+01:00","extra":{}}
{"message":"SELECT `section`.`id`,`section`.`name`,`section`.`description` FROM `section` ","context":{"context":"Database","part":"prepareAndExecute","extra":null},"level":200,"level_name":"INFO","channel":"s60210af45c4f1","datetime":"2021-03-22T14:46:17.330558+01:00","extra":{}}
{"message":"SELECT `product`.`id`,`product`.`name`,`product`.`comments`,`product`.`image`,`product`.`price`,`product`.`promotion`,`product`.`idSection` FROM `product`  INNER JOIN (SELECT ? as _id UNION ALL SELECT ? UNION ALL SELECT ? UNION ALL SELECT ?) as _tmp ON `idSection`=_tmp._id","context":{"context":"Database","part":"prepareAndExecute","extra":[1,2,7,10]},"level":200,"level_name":"INFO","channel":"s60210af45c4f1","datetime":"2021-03-22T14:46:17.331537+01:00","extra":{}}
{"message":"SELECT `product`.`id`,`product`.`name`,`product`.`comments`,`product`.`image`,`product`.`price`,`product`.`promotion`,`product`.`idSection` FROM `product`  WHERE promotion< ?","context":{"context":"Database","part":"prepareAndExecute","extra":[0]},"level":200,"level_name":"INFO","channel":"s60210af45c4f1","datetime":"2021-03-22T14:46:17.332627+01:00","extra":{}}
{"message":"SELECT `product`.`id`,`product`.`name`,`product`.`comments`,`product`.`image`,`product`.`price`,`product`.`promotion`,`product`.`idSection` FROM `product` ","context":{"context":"Database","part":"prepareAndExecute","extra":null},"level":200,"level_name":"INFO","channel":"s60210af45c4f1","datetime":"2021-03-22T14:48:48.635901+01:00","extra":{}}
{"message":"SELECT `section`.`id`,`section`.`name`,`section`.`description` FROM `section` ","context":{"context":"Database","part":"prepareAndExecute","extra":null},"level":200,"level_name":"INFO","channel":"s60210af45c4f1","datetime":"2021-03-22T14:48:48.637470+01:00","extra":{}}
{"message":"SELECT `product`.`id`,`product`.`name`,`product`.`comments`,`product`.`image`,`product`.`price`,`product`.`promotion`,`product`.`idSection` FROM `product`  INNER JOIN (SELECT ? as _id UNION ALL SELECT ? UNION ALL SELECT ? UNION ALL SELECT ?) as _tmp ON `idSection`=_tmp._id","context":{"context":"Database","part":"prepareAndExecute","extra":[1,2,7,10]},"level":200,"level_name":"INFO","channel":"s60210af45c4f1","datetime":"2021-03-22T14:48:48.638616+01:00","extra":{}}
{"message":"SELECT `product`.`id`,`product`.`name`,`product`.`comments`,`product`.`image`,`product`.`price`,`product`.`promotion`,`product`.`idSection` FROM `product`  WHERE name","context":{"context":"Database","part":"prepareAndExecute","extra":[0]},"level":200,"level_name":"INFO","channel":"s60210af45c4f1","datetime":"2021-03-22T14:48:48.639870+01:00","extra":{}}
{"message":"SELECT `product`.`id`,`product`.`name`,`product`.`comments`,`product`.`image`,`product`.`price`,`product`.`promotion`,`product`.`idSection` FROM `product` ","context":{"context":"Database","part":"prepareAndExecute","extra":null},"level":200,"level_name":"INFO","channel":"s60210af45c4f1","datetime":"2021-03-22T14:49:19.760099+01:00","extra":{}}
{"message":"SELECT `section`.`id`,`section`.`name`,`section`.`description` FROM `section` ","context":{"context":"Database","part":"prepareAndExecute","extra":null},"level":200,"level_name":"INFO","channel":"s60210af45c4f1","datetime":"2021-03-22T14:49:19.761561+01:00","extra":{}}
{"message":"SELECT `product`.`id`,`product`.`name`,`product`.`comments`,`product`.`image`,`product`.`price`,`product`.`promotion`,`product`.`idSection` FROM `product`  INNER JOIN (SELECT ? as _id UNION ALL SELECT ? UNION ALL SELECT ? UNION ALL SELECT ?) as _tmp ON `idSection`=_tmp._id","context":{"context":"Database","part":"prepareAndExecute","extra":[1,2,7,10]},"level":200,"level_name":"INFO","channel":"s60210af45c4f1","datetime":"2021-03-22T14:49:19.762904+01:00","extra":{}}
{"message":"SELECT `product`.`id`,`product`.`name`,`product`.`comments`,`product`.`image`,`product`.`price`,`product`.`promotion`,`product`.`idSection` FROM `product`  WHERE name","context":{"context":"Database","part":"prepareAndExecute","extra":[0]},"level":200,"level_name":"INFO","channel":"s60210af45c4f1","datetime":"2021-03-22T14:49:19.764533+01:00","extra":{}}
{"message":"SELECT `product`.`id`,`product`.`name`,`product`.`comments`,`product`.`image`,`product`.`price`,`product`.`promotion`,`product`.`idSection` FROM `product` ","context":{"context":"Database","part":"prepareAndExecute","extra":null},"level":200,"level_name":"INFO","channel":"s60210af45c4f1","datetime":"2021-03-22T14:54:41.062760+01:00","extra":{}}
{"message":"SELECT `section`.`id`,`section`.`name`,`section`.`description` FROM `section` ","context":{"context":"Database","part":"prepareAndExecute","extra":null},"level":200,"level_name":"INFO","channel":"s60210af45c4f1","datetime":"2021-03-22T14:54:41.064390+01:00","extra":{}}
{"message":"SELECT `product`.`id`,`product`.`name`,`product`.`comments`,`product`.`image`,`product`.`price`,`product`.`promotion`,`product`.`idSection` FROM `product`  INNER JOIN (SELECT ? as _id UNION ALL SELECT ? UNION ALL SELECT ? UNION ALL SELECT ?) as _tmp ON `idSection`=_tmp._id","context":{"context":"Database","part":"prepareAndExecute","extra":[1,2,7,10]},"level":200,"level_name":"INFO","channel":"s60210af45c4f1","datetime":"2021-03-22T14:54:41.066175+01:00","extra":{}}
{"message":"SELECT `product`.`id`,`product`.`name`,`product`.`comments`,`product`.`image`,`product`.`price`,`product`.`promotion`,`product`.`idSection` FROM `product`  WHERE promotion< ?","context":{"context":"Database","part":"prepareAndExecute","extra":[0]},"level":200,"level_name":"INFO","channel":"s60210af45c4f1","datetime":"2021-03-22T14:54:41.067595+01:00","extra":{}}
{"message":"SELECT `order`.`id`,`order`.`dateCreation`,`order`.`status`,`order`.`amount`,`order`.`toPay`,`order`.`itemsNumber`,`order`.`missingNumber`,`order`.`idEmployee`,`order`.`idTimeslot`,`order`.`idUser` FROM `order`  WHERE idUser = ?","context":{"context":"Database","part":"prepareAndExecute","extra":[null]},"level":200,"level_name":"INFO","channel":"s60210af45c4f1","datetime":"2021-03-22T14:57:52.097551+01:00","extra":{}}
{"message":"#0 C:\\Users\\Edgar\\tds\\vendor\\phpmv\\ubiquity\\src\\Ubiquity\\controllers\\Startup.php(145): controllers\\MainController->order()\n#1 C:\\Users\\Edgar\\tds\\vendor\\phpmv\\ubiquity\\src\\Ubiquity\\controllers\\Startup.php(106): Ubiquity\\controllers\\Startup::runAction(Array, true, true)\n#2 C:\\Users\\Edgar\\tds\\vendor\\phpmv\\ubiquity\\src\\Ubiquity\\controllers\\Startup.php(66): Ubiquity\\controllers\\Startup::forward('MainController/...')\n#3 C:\\Users\\Edgar\\tds\\.ubiquity\\_index.php(25): Ubiquity\\controllers\\Startup::run(Array)\n#4 C:\\Users\\Edgar\\tds\\.ubiquity\\.htrouter.php(5): include_once('C:\\\\Users\\\\Edgar\\\\...')\n#5 {main}","context":{"context":"Startup","part":"runAction","extra":null},"level":300,"level_name":"WARNING","channel":"s60210af45c4f1","datetime":"2021-03-22T14:57:52.131837+01:00","extra":{}}
{"message":"#0 C:\\Users\\Edgar\\tds\\vendor\\phpmv\\ubiquity\\src\\Ubiquity\\controllers\\Startup.php(145): controllers\\MainController->order()\n#1 C:\\Users\\Edgar\\tds\\vendor\\phpmv\\ubiquity\\src\\Ubiquity\\controllers\\Startup.php(106): Ubiquity\\controllers\\Startup::runAction(Array, true, true)\n#2 C:\\Users\\Edgar\\tds\\vendor\\phpmv\\ubiquity\\src\\Ubiquity\\controllers\\Startup.php(66): Ubiquity\\controllers\\Startup::forward('MainController/...')\n#3 C:\\Users\\Edgar\\tds\\.ubiquity\\_index.php(25): Ubiquity\\controllers\\Startup::run(Array)\n#4 C:\\Users\\Edgar\\tds\\.ubiquity\\.htrouter.php(5): include_once('C:\\\\Users\\\\Edgar\\\\...')\n#5 {main}","context":{"context":"Startup","part":"runAction","extra":null},"level":300,"level_name":"WARNING","channel":"s60210af45c4f1","datetime":"2021-03-22T14:57:52.131885+01:00","extra":{}}
{"message":"SELECT `product`.`id`,`product`.`name`,`product`.`comments`,`product`.`image`,`product`.`price`,`product`.`promotion`,`product`.`idSection` FROM `product` ","context":{"context":"Database","part":"prepareAndExecute","extra":null},"level":200,"level_name":"INFO","channel":"s60210af45c4f1","datetime":"2021-03-22T14:57:58.791509+01:00","extra":{}}
{"message":"SELECT `section`.`id`,`section`.`name`,`section`.`description` FROM `section` ","context":{"context":"Database","part":"prepareAndExecute","extra":null},"level":200,"level_name":"INFO","channel":"s60210af45c4f1","datetime":"2021-03-22T14:57:58.793862+01:00","extra":{}}
{"message":"SELECT `product`.`id`,`product`.`name`,`product`.`comments`,`product`.`image`,`product`.`price`,`product`.`promotion`,`product`.`idSection` FROM `product`  INNER JOIN (SELECT ? as _id UNION ALL SELECT ? UNION ALL SELECT ? UNION ALL SELECT ?) as _tmp ON `idSection`=_tmp._id","context":{"context":"Database","part":"prepareAndExecute","extra":[1,2,7,10]},"level":200,"level_name":"INFO","channel":"s60210af45c4f1","datetime":"2021-03-22T14:57:58.795598+01:00","extra":{}}
{"message":"SELECT `product`.`id`,`product`.`name`,`product`.`comments`,`product`.`image`,`product`.`price`,`product`.`promotion`,`product`.`idSection` FROM `product`  WHERE promotion< ?","context":{"context":"Database","part":"prepareAndExecute","extra":[0]},"level":200,"level_name":"INFO","channel":"s60210af45c4f1","datetime":"2021-03-22T14:57:58.796912+01:00","extra":{}}
{"message":"SELECT `order`.`id`,`order`.`dateCreation`,`order`.`status`,`order`.`amount`,`order`.`toPay`,`order`.`itemsNumber`,`order`.`missingNumber`,`order`.`idEmployee`,`order`.`idTimeslot`,`order`.`idUser` FROM `order`  WHERE idUser = ?","context":{"context":"Database","part":"prepareAndExecute","extra":[null]},"level":200,"level_name":"INFO","channel":"s60210af45c4f1","datetime":"2021-03-22T14:59:31.678832+01:00","extra":{}}
